<?xml version="1.0" encoding="UTF-8"?>
<!-- Generated by org.testng.reporters.JUnitXMLReporter -->
<testsuite ignored="0" hostname="DESKTOP-HGCGENQ" failures="0" tests="3" name="Default test" time="0.305" errors="0" timestamp="2023-08-17T17:59:43 IST">
  <testcase classname="com.parallelSuiteExample.Test2" name="method4" time="0.029"/>
  <testcase classname="com.parallelSuiteExample.Test2" name="method5" time="0.016"/>
  <testcase classname="com.parallelSuiteExample.Test2" name="method6" time="0.01"/>
</testsuite> <!-- Default test -->
