<?xml version="1.0" encoding="UTF-8"?>
<!-- Generated by org.testng.reporters.JUnitXMLReporter -->
<testsuite ignored="0" hostname="DESKTOP-HGCGENQ" failures="0" tests="6" name="Test" time="0.241" errors="0" timestamp="2023-08-17T18:20:02 IST">
  <testcase classname="com.parallelSuiteExample.Test2" name="method4" time="0.024"/>
  <testcase classname="com.parallelSuiteExample.Test1" name="method1" time="0.028"/>
  <testcase classname="com.parallelSuiteExample.Test2" name="method5" time="0.008"/>
  <testcase classname="com.parallelSuiteExample.Test2" name="method6" time="0.011"/>
  <testcase classname="com.parallelSuiteExample.Test1" name="method2" time="0.015"/>
  <testcase classname="com.parallelSuiteExample.Test1" name="method3" time="0.009"/>
</testsuite> <!-- Test -->
