<?xml version="1.0" encoding="UTF-8"?>
<!-- Generated by org.testng.reporters.JUnitXMLReporter -->
<testsuite ignored="0" hostname="DESKTOP-HGCGENQ" failures="0" tests="3" name="Test1" time="0.081" errors="0" timestamp="2023-08-17T18:20:02 IST">
  <testcase classname="com.parallelSuiteExample.Test3" name="method7" time="0.014"/>
  <testcase classname="com.parallelSuiteExample.Test3" name="method8" time="0.007"/>
  <testcase classname="com.parallelSuiteExample.Test3" name="method9" time="0.012"/>
</testsuite> <!-- Test1 -->
