<?xml version="1.0" encoding="UTF-8"?>
<testng-results ignored="0" total="9" passed="9" failed="0" skipped="0">
  <reporter-output>
  </reporter-output>
  <suite started-at="2023-08-17T18:20:01 IST" name="Suite" finished-at="2023-08-17T18:20:02 IST" duration-ms="822">
    <groups>
    </groups>
    <test started-at="2023-08-17T18:20:01 IST" name="Test" finished-at="2023-08-17T18:20:01 IST" duration-ms="241">
      <class name="com.parallelSuiteExample.Test2">
        <test-method signature="method4()[pri:0, instance:com.parallelSuiteExample.Test2@5fdcaa40]" started-at="2023-08-17T18:20:01 IST" name="method4" finished-at="2023-08-17T18:20:01 IST" duration-ms="24" status="PASS">
          <reporter-output>
          </reporter-output>
        </test-method> <!-- method4 -->
        <test-method signature="method5()[pri:0, instance:com.parallelSuiteExample.Test2@5fdcaa40]" started-at="2023-08-17T18:20:01 IST" name="method5" finished-at="2023-08-17T18:20:01 IST" duration-ms="8" status="PASS">
          <reporter-output>
          </reporter-output>
        </test-method> <!-- method5 -->
        <test-method signature="method6()[pri:0, instance:com.parallelSuiteExample.Test2@5fdcaa40]" started-at="2023-08-17T18:20:01 IST" name="method6" finished-at="2023-08-17T18:20:01 IST" duration-ms="11" status="PASS">
          <reporter-output>
          </reporter-output>
        </test-method> <!-- method6 -->
      </class> <!-- com.parallelSuiteExample.Test2 -->
      <class name="com.parallelSuiteExample.Test1">
        <test-method signature="method1()[pri:0, instance:com.parallelSuiteExample.Test1@40ef3420]" started-at="2023-08-17T18:20:01 IST" name="method1" finished-at="2023-08-17T18:20:01 IST" duration-ms="28" status="PASS">
          <reporter-output>
          </reporter-output>
        </test-method> <!-- method1 -->
        <test-method signature="method2()[pri:0, instance:com.parallelSuiteExample.Test1@40ef3420]" started-at="2023-08-17T18:20:01 IST" name="method2" finished-at="2023-08-17T18:20:01 IST" duration-ms="15" status="PASS">
          <reporter-output>
          </reporter-output>
        </test-method> <!-- method2 -->
        <test-method signature="method3()[pri:0, instance:com.parallelSuiteExample.Test1@40ef3420]" started-at="2023-08-17T18:20:01 IST" name="method3" finished-at="2023-08-17T18:20:01 IST" duration-ms="9" status="PASS">
          <reporter-output>
          </reporter-output>
        </test-method> <!-- method3 -->
      </class> <!-- com.parallelSuiteExample.Test1 -->
    </test> <!-- Test -->
    <test started-at="2023-08-17T18:20:02 IST" name="Test1" finished-at="2023-08-17T18:20:02 IST" duration-ms="81">
      <class name="com.parallelSuiteExample.Test3">
        <test-method signature="method7()[pri:0, instance:com.parallelSuiteExample.Test3@4efbca5a]" started-at="2023-08-17T18:20:02 IST" name="method7" finished-at="2023-08-17T18:20:02 IST" duration-ms="14" status="PASS">
          <reporter-output>
          </reporter-output>
        </test-method> <!-- method7 -->
        <test-method signature="method8()[pri:0, instance:com.parallelSuiteExample.Test3@4efbca5a]" started-at="2023-08-17T18:20:02 IST" name="method8" finished-at="2023-08-17T18:20:02 IST" duration-ms="7" status="PASS">
          <reporter-output>
          </reporter-output>
        </test-method> <!-- method8 -->
        <test-method signature="method9()[pri:0, instance:com.parallelSuiteExample.Test3@4efbca5a]" started-at="2023-08-17T18:20:02 IST" name="method9" finished-at="2023-08-17T18:20:02 IST" duration-ms="12" status="PASS">
          <reporter-output>
          </reporter-output>
        </test-method> <!-- method9 -->
      </class> <!-- com.parallelSuiteExample.Test3 -->
    </test> <!-- Test1 -->
  </suite> <!-- Suite -->
</testng-results>
